<?xml version="1.0" encoding="UTF-8"?>
<!-- Generated by org.testng.reporters.JUnitReportReporter -->
<testsuite hostname="LAPTOP-RC74DKRT" failures="0" tests="6" name="api.test.DDTests" time="9.065" errors="0" timestamp="2024-02-09T13:07:38 IST" skipped="0">
  <testcase classname="api.test.DDTests" name="testPostUser" time="2.804"/>
  <system-out/>
  <testcase classname="api.test.DDTests" name="testPostUser" time="1.136"/>
  <system-out/>
  <testcase classname="api.test.DDTests" name="testPostUser" time="1.155"/>
  <system-out/>
  <testcase classname="api.test.DDTests" name="testDeleteUserByUserName" time="1.151"/>
  <system-out/>
  <testcase classname="api.test.DDTests" name="testDeleteUserByUserName" time="1.379"/>
  <system-out/>
  <testcase classname="api.test.DDTests" name="testDeleteUserByUserName" time="1.440"/>
  <system-out/>
</testsuite> <!-- api.test.DDTests -->
