<?xml version="1.0" encoding="UTF-8"?>
<!-- Generated by org.testng.reporters.JUnitReportReporter -->
<testsuite hostname="LAPTOP-RC74DKRT" failures="0" tests="4" name="api.test.UserTests" time="9.881" errors="0" timestamp="2024-02-09T20:16:54 IST" skipped="0">
  <testcase classname="api.test.UserTests" name="postUser" time="3.504"/>
  <system-out/>
  <testcase classname="api.test.UserTests" name="getUser" time="1.177"/>
  <system-out/>
  <testcase classname="api.test.UserTests" name="updateUser" time="2.556"/>
  <system-out/>
  <testcase classname="api.test.UserTests" name="deleteUser" time="2.644"/>
  <system-out/>
</testsuite> <!-- api.test.UserTests -->
